warning: unused import: `format`
  --> src\config\paths.rs:11:5
   |
11 |     format,
   |     ^^^^^^
   |
   = note: `#[warn(unused_imports)]` (part of `#[warn(unused)]`) on by default

warning: unused import: `BootError`
  --> src\config\validator.rs:12:20
   |
12 | use crate::error::{BootError, Result};
   |                    ^^^^^^^^^

warning: unused import: `alloc::vec::Vec`
  --> src\protos\mod.rs:11:5
   |
11 | use alloc::vec::Vec;
   |     ^^^^^^^^^^^^^^^

warning: lint `unaligned_references` has been removed: converted into hard error, see issue #82523 <https://github.com/rust-lang/rust/issues/82523> for more information
 --> src\protos\linux.rs:1:10
  |
1 | #![allow(unaligned_references)]
  |          ^^^^^^^^^^^^^^^^^^^^
  |
  = note: `#[warn(renamed_and_removed_lints)]` on by default

warning: lint `unaligned_references` has been removed: converted into hard error, see issue #82523 <https://github.com/rust-lang/rust/issues/82523> for more information
 --> src\protos\multiboot1.rs:1:10
  |
1 | #![allow(unaligned_references)]
  |          ^^^^^^^^^^^^^^^^^^^^

warning: unused import: `crate::error::Result`
 --> src\recovery\fallback.rs:5:5
  |
5 | use crate::error::Result;
  |     ^^^^^^^^^^^^^^^^^^^^

warning: unused import: `uefi::proto::console::text::Input`
 --> src\recovery\keydetect.rs:5:5
  |
5 | use uefi::proto::console::text::Input;
  |     ^^^^^^^^^^^^^^^^^^^^^^^^^^^^^^^^^

warning: unused import: `crate::error::Result`
 --> src\recovery\diagnostics.rs:6:5
  |
6 | use crate::error::Result;
  |     ^^^^^^^^^^^^^^^^^^^^

warning: unused import: `alloc::vec::Vec`
 --> src\ui\menu.rs:5:5
  |
5 | use alloc::vec::Vec;
  |     ^^^^^^^^^^^^^^^

warning: unused import: `alloc::vec::Vec`
 --> src\ui\terminal.rs:5:5
  |
5 | use alloc::vec::Vec;
  |     ^^^^^^^^^^^^^^^

warning: unused imports: `BootOptions`, `InitFsLoader`, and `elf::ElfLoader`
  --> src\lib.rs:53:5
   |
53 |     elf::ElfLoader,
   |     ^^^^^^^^^^^^^^
54 |     error::Result,
55 |     fs::{FileLoader, InitFsLoader},
   |                      ^^^^^^^^^^^^
56 |     memory::MemoryAllocator,
57 |     recovery::{BootOptions, Diagnostics, KeyDetect...
   |                ^^^^^^^^^^^

warning: the `#![no_std]` attribute can only be used at the crate root
 --> src\boot_info.rs:6:1
  |
6 | #![no_std]
  | ^^^^^^^^^^
  |
  = note: `#[warn(unused_attributes)]` (part of `#[warn(unused)]`) on by default

warning: unused variable: `modules`
   --> src\protos\multiboot1.rs:203:49
    |
203 | ... Option<&str>, modules: &[LoadedFile]) -> Resu...
    |                   ^^^^^^^ help: if this is intentional, prefix it with an underscore: `_modules`
    |
    = note: `#[warn(unused_variables)]` (part of `#[warn(unused)]`) on by default

warning: unused variable: `framebuffer`
   --> src\lib.rs:499:5
    |
499 |     framebuffer: &types::Framebuffer,
    |     ^^^^^^^^^^^ help: if this is intentional, prefix it with an underscore: `_framebuffer`

warning: function `prepare_kernel_args` is never used
   --> src\lib.rs:530:4
    |
530 | fn prepare_kernel_args(
    |    ^^^^^^^^^^^^^^^^^^^
    |
    = note: `#[warn(dead_code)]` (part of `#[warn(unused)]`) on by default

warning: constant `MB1_PAGE_ALIGN` is never used
  --> src\protos\multiboot1.rs:25:7
   |
25 | const MB1_PAGE_ALIGN: u32 = 1 << 0;
   |       ^^^^^^^^^^^^^^

warning: constant `MB1_MEMORY_INFO` is never used
  --> src\protos\multiboot1.rs:26:7
   |
26 | const MB1_MEMORY_INFO: u32 = 1 << 1;
   |       ^^^^^^^^^^^^^^^

warning: constant `MB1_VIDEO_MODE` is never used
  --> src\protos\multiboot1.rs:27:7
   |
27 | const MB1_VIDEO_MODE: u32 = 1 << 2;
   |       ^^^^^^^^^^^^^^

warning: struct `Multiboot1Module` is never constructed
  --> src\protos\multiboot1.rs:87:8
   |
87 | struct Multiboot1Module {
   |        ^^^^^^^^^^^^^^^^

warning: constant `MB2_ARCHITECTURE_I386` is never used
  --> src\protos\multiboot2.rs:18:7
   |
18 | const MB2_ARCHITECTURE_I386: u32 = 0;
   |       ^^^^^^^^^^^^^^^^^^^^^

warning: constant `MB2_HEADER_TAG_END` is never used
  --> src\protos\multiboot2.rs:19:7
   |
19 | const MB2_HEADER_TAG_END: u16 = 0;
   |       ^^^^^^^^^^^^^^^^^^

warning: fields `width` and `height` are never read
  --> src\ui\terminal.rs:9:5
   |
 8 | pub struct GraphicalTerminal {
   |            ----------------- fields in this struct
 9 |     width:       u32,
   |     ^^^^^
10 |     height:      u32,
   |     ^^^^^^

warning: `ignite` (lib) generated 22 warnings (run `cargo fix --lib -p ignite` to apply 11 suggestions)
    Checking ignite v0.2.0 (D:\Github\Redstone OS\ignite)
error: unwinding panics are not supported without std
  |
  = help: using nightly cargo, use -Zbuild-std with panic="abort" to avoid unwinding
  = note: since the core library is usually precompiled with panic="unwind", rebuilding your crate with panic="abort" may not be enough to fix the problem

error: could not compile `ignite` (bin "ignite") due to 1 previous error
